▲ Next.js 16.2.9 (Turbopack)
- Environments: .env

⚠ The "middleware" file convention is deprecated. Please use "proxy" instead. Learn more: https://nextjs.org/docs/messages/middleware-to-proxy
  Creating an optimized production build ...
✓ Compiled successfully in 113s
  Running TypeScript ...
  Finished TypeScript in 3.8s ...
  Collecting page data using 1 worker ...
  Generating static pages using 1 worker (0/21) ...
  Generating static pages using 1 worker (5/21) 
  Generating static pages using 1 worker (10/21) 
  Generating static pages using 1 worker (15/21) 
✓ Generating static pages using 1 worker (21/21) in 10.2s
  Finalizing page optimization ...

Route (app)
┌ ○ /
├ ○ /_not-found
├ ○ /admin
├ ○ /admin/laporan
├ ○ /admin/menu
├ ƒ /api/auth/login
├ ƒ /api/auth/logout
├ ƒ /api/auth/me
├ ƒ /api/dashboard
├ ƒ /api/menu
├ ƒ /api/menu/[id]
├ ƒ /api/orders
├ ƒ /api/orders/[id]
├ ƒ /api/payments
├ ƒ /api/upload
├ ○ /customer
├ ○ /customer/pesan
├ ○ /kasir
├ ○ /kasir/pembayaran
├ ○ /kasir/pesanan
└ ○ /login


ƒ Proxy (Middleware)

○  (Static)   prerendered as static content
ƒ  (Dynamic)  server-rendered on demand

